
[1A[K1 of 1719 Consolidating entries: [                              ] 0% ETA: 00:00:00 (at 5053.37) it/s)
[1A[K41 of 1719 Consolidating entries: [                              ] 2% ETA: 00:00:04 (at 409.14) it/s)
[1A[K104 of 1719 Consolidating entries: [-                             ] 6% ETA: 00:00:03 (at 518.91) it/s)
[1A[K172 of 1719 Consolidating entries: [---                           ] 10% ETA: 00:00:02 (at 570.84) it/s)
[1A[K240 of 1719 Consolidating entries: [----                          ] 13% ETA: 00:00:02 (at 596.70) it/s)
[1A[K311 of 1719 Consolidating entries: [-----                         ] 18% ETA: 00:00:02 (at 618.41) it/s)
[1A[K378 of 1719 Consolidating entries: [------                        ] 21% ETA: 00:00:02 (at 625.51) it/s)
[1A[K450 of 1719 Consolidating entries: [-------                       ] 26% ETA: 00:00:01 (at 638.52) it/s)
[1A[K528 of 1719 Consolidating entries: [---------                     ] 30% ETA: 00:00:01 (at 656.02) it/s)
[1A[K612 of 1719 Consolidating entries: [----------                    ] 35% ETA: 00:00:01 (at 676.14) it/s)
[1A[K713 of 1719 Consolidating entries: [------------                  ] 41% ETA: 00:00:01 (at 709.07) it/s)
[1A[K817 of 1719 Consolidating entries: [--------------                ] 47% ETA: 00:00:01 (at 738.56) it/s)
[1A[K931 of 1719 Consolidating entries: [----------------              ] 54% ETA: 00:00:01 (at 771.50) it/s)
[1A[K1047 of 1719 Consolidating entries: [------------------            ] 60% ETA: 00:00:00 (at 800.88) it/s)
[1A[K1178 of 1719 Consolidating entries: [--------------------          ] 68% ETA: 00:00:00 (at 836.80) it/s)
[1A[K1327 of 1719 Consolidating entries: [-----------------------       ] 77% ETA: 00:00:00 (at 880.00) it/s)
[1A[K1515 of 1719 Consolidating entries: [--------------------------    ] 88% ETA: 00:00:00 (at 942.12) it/s)
[1A[K1719 of 1719 Consolidating entries: [------------------------------] 100% ETA: 00:00:00 (at 1012.63) it/s)

[1A[K1 of 25 Consolidating entries: [-                             ] 4% ETA: 00:00:00 (at 25575.02) it/s)
[1A[K25 of 25 Consolidating entries: [------------------------------] 100% ETA: 00:00:00 (at 36383.62) it/s)

[1A[K1 of 25 Parsing preexisting entries: [-                             ] 4% ETA: 00:00:00 (at 9799.77) it/s)
[1A[K25 of 25 Parsing preexisting entries: [------------------------------] 100% ETA: 00:00:00 (at 2919.19) it/s)

[1A[K1 of 1618 Parsing preexisting entries: [                              ] 0% ETA: 00:00:00 (at 9709.03) it/s)
[1A[K334 of 1618 Parsing preexisting entries: [------                        ] 20% ETA: 00:00:00 (at 3323.67) it/s)
[1A[K669 of 1618 Parsing preexisting entries: [------------                  ] 41% ETA: 00:00:00 (at 3333.38) it/s)
[1A[K1009 of 1618 Parsing preexisting entries: [------------------            ] 62% ETA: 00:00:00 (at 3352.82) it/s)
[1A[K1329 of 1618 Parsing preexisting entries: [------------------------      ] 82% ETA: 00:00:00 (at 3314.40) it/s)
[1A[K1618 of 1618 Parsing preexisting entries: [------------------------------] 100% ETA: 00:00:00 (at 3291.18) it/s)

[1A[K1 of 1643 Consolidating entries: [                              ] 0% ETA: 00:00:00 (at 139810.13) it/s)
[1A[K65 of 1643 Consolidating entries: [-                             ] 3% ETA: 00:00:02 (at 644.85) it/s)
[1A[K129 of 1643 Consolidating entries: [--                            ] 7% ETA: 00:00:02 (at 641.97) it/s)
[1A[K196 of 1643 Consolidating entries: [---                           ] 11% ETA: 00:00:02 (at 651.10) it/s)
[1A[K264 of 1643 Consolidating entries: [----                          ] 16% ETA: 00:00:02 (at 657.29) it/s)
[1A[K330 of 1643 Consolidating entries: [------                        ] 20% ETA: 00:00:01 (at 656.80) it/s)
[1A[K401 of 1643 Consolidating entries: [-------                       ] 24% ETA: 00:00:01 (at 664.10) it/s)
[1A[K476 of 1643 Consolidating entries: [--------                      ] 28% ETA: 00:00:01 (at 675.66) it/s)
[1A[K555 of 1643 Consolidating entries: [----------                    ] 33% ETA: 00:00:01 (at 689.84) it/s)
[1A[K638 of 1643 Consolidating entries: [-----------                   ] 38% ETA: 00:00:01 (at 705.22) it/s)
[1A[K727 of 1643 Consolidating entries: [-------------                 ] 44% ETA: 00:00:01 (at 723.36) it/s)
[1A[K817 of 1643 Consolidating entries: [--------------                ] 49% ETA: 00:00:01 (at 738.91) it/s)
[1A[K912 of 1643 Consolidating entries: [----------------              ] 55% ETA: 00:00:00 (at 755.90) it/s)
[1A[K1014 of 1643 Consolidating entries: [------------------            ] 61% ETA: 00:00:00 (at 776.06) it/s)
[1A[K1126 of 1643 Consolidating entries: [--------------------          ] 68% ETA: 00:00:00 (at 800.46) it/s)
[1A[K1247 of 1643 Consolidating entries: [----------------------        ] 75% ETA: 00:00:00 (at 827.48) it/s)
[1A[K1388 of 1643 Consolidating entries: [-------------------------     ] 84% ETA: 00:00:00 (at 863.64) it/s)
[1A[K1554 of 1643 Consolidating entries: [----------------------------  ] 94% ETA: 00:00:00 (at 910.04) it/s)
[1A[K1643 of 1643 Consolidating entries: [------------------------------] 100% ETA: 00:00:00 (at 941.27) it/s)

[1A[K1 of 27 Consolidating entries: [-                             ] 3% ETA: 00:00:00 (at 37117.73) it/s)
[1A[K27 of 27 Consolidating entries: [------------------------------] 100% ETA: 00:00:00 (at 44938.97) it/s)

[1A[K1 of 27 Parsing preexisting entries: [-                             ] 3% ETA: 00:00:00 (at 11096.04) it/s)
[1A[K27 of 27 Parsing preexisting entries: [------------------------------] 100% ETA: 00:00:00 (at 2913.53) it/s)

[1A[K1 of 1628 Parsing preexisting entries: [                              ] 0% ETA: 00:00:00 (at 11008.67) it/s)
[1A[K321 of 1628 Parsing preexisting entries: [-----                         ] 19% ETA: 00:00:00 (at 3203.53) it/s)
[1A[K645 of 1628 Parsing preexisting entries: [-----------                   ] 39% ETA: 00:00:00 (at 3216.02) it/s)
[1A[K968 of 1628 Parsing preexisting entries: [-----------------             ] 59% ETA: 00:00:00 (at 3220.13) it/s)
[1A[K1293 of 1628 Parsing preexisting entries: [-----------------------       ] 79% ETA: 00:00:00 (at 3226.25) it/s)
[1A[K1610 of 1628 Parsing preexisting entries: [----------------------------- ] 98% ETA: 00:00:00 (at 3214.91) it/s)
[1A[K1628 of 1628 Parsing preexisting entries: [------------------------------] 100% ETA: 00:00:00 (at 3212.27) it/s)

[1A[K1 of 1655 Consolidating entries: [                              ] 0% ETA: 00:00:00 (at 167772.16) it/s)
[1A[K62 of 1655 Consolidating entries: [-                             ] 3% ETA: 00:00:02 (at 616.80) it/s)
[1A[K126 of 1655 Consolidating entries: [--                            ] 7% ETA: 00:00:02 (at 625.14) it/s)
[1A[K193 of 1655 Consolidating entries: [---                           ] 11% ETA: 00:00:02 (at 639.19) it/s)
[1A[K262 of 1655 Consolidating entries: [----                          ] 15% ETA: 00:00:02 (at 649.59) it/s)
[1A[K332 of 1655 Consolidating entries: [------                        ] 20% ETA: 00:00:02 (at 658.56) it/s)
[1A[K407 of 1655 Consolidating entries: [-------                       ] 24% ETA: 00:00:01 (at 673.59) it/s)
[1A[K487 of 1655 Consolidating entries: [--------                      ] 29% ETA: 00:00:01 (at 690.39) it/s)
[1A[K565 of 1655 Consolidating entries: [----------                    ] 34% ETA: 00:00:01 (at 701.37) it/s)
[1A[K650 of 1655 Consolidating entries: [-----------                   ] 39% ETA: 00:00:01 (at 717.21) it/s)
[1A[K741 of 1655 Consolidating entries: [-------------                 ] 44% ETA: 00:00:01 (at 736.10) it/s)
[1A[K836 of 1655 Consolidating entries: [---------------               ] 50% ETA: 00:00:01 (at 755.34) it/s)
[1A[K938 of 1655 Consolidating entries: [-----------------             ] 56% ETA: 00:00:00 (at 776.81) it/s)
[1A[K1048 of 1655 Consolidating entries: [------------------            ] 63% ETA: 00:00:00 (at 801.47) it/s)
[1A[K1167 of 1655 Consolidating entries: [---------------------         ] 70% ETA: 00:00:00 (at 828.91) it/s)
[1A[K1301 of 1655 Consolidating entries: [-----------------------       ] 78% ETA: 00:00:00 (at 862.80) it/s)
[1A[K1457 of 1655 Consolidating entries: [--------------------------    ] 88% ETA: 00:00:00 (at 905.96) it/s)
[1A[K1655 of 1655 Consolidating entries: [------------------------------] 100% ETA: 00:00:00 (at 969.88) it/s)

[1A[K1 of 26 Consolidating entries: [-                             ] 3% ETA: 00:00:00 (at 31068.91) it/s)
[1A[K26 of 26 Consolidating entries: [------------------------------] 100% ETA: 00:00:00 (at 42681.76) it/s)

[1A[K1 of 26 Parsing preexisting entries: [-                             ] 3% ETA: 00:00:00 (at 8065.96) it/s)
[1A[K26 of 26 Parsing preexisting entries: [------------------------------] 100% ETA: 00:00:00 (at 2734.77) it/s)

[1A[K1 of 29 Consolidating entries: [-                             ] 3% ETA: 00:00:00 (at 167772.16) it/s)
[1A[K29 of 29 Consolidating entries: [------------------------------] 100% ETA: 00:00:00 (at 42146.50) it/s)

[1A[K1 of 29 Parsing preexisting entries: [-                             ] 3% ETA: 00:00:00 (at 10205.11) it/s)
[1A[K29 of 29 Parsing preexisting entries: [------------------------------] 100% ETA: 00:00:00 (at 3513.02) it/s)

[1A[K1 of 1637 Parsing preexisting entries: [                              ] 0% ETA: 00:00:00 (at 8774.69) it/s)
[1A[K317 of 1637 Parsing preexisting entries: [-----                         ] 19% ETA: 00:00:00 (at 3157.11) it/s)
[1A[K631 of 1637 Parsing preexisting entries: [-----------                   ] 38% ETA: 00:00:00 (at 3146.73) it/s)
[1A[K949 of 1637 Parsing preexisting entries: [-----------------             ] 57% ETA: 00:00:00 (at 3157.80) it/s)
[1A[K1274 of 1637 Parsing preexisting entries: [-----------------------       ] 77% ETA: 00:00:00 (at 3180.08) it/s)
[1A[K1589 of 1637 Parsing preexisting entries: [----------------------------- ] 97% ETA: 00:00:00 (at 3173.07) it/s)
[1A[K1637 of 1637 Parsing preexisting entries: [------------------------------] 100% ETA: 00:00:00 (at 3174.65) it/s)

[1A[K1 of 1666 Consolidating entries: [                              ] 0% ETA: 00:00:00 (at 76260.07) it/s)
[1A[K63 of 1666 Consolidating entries: [-                             ] 3% ETA: 00:00:02 (at 628.74) it/s)
[1A[K128 of 1666 Consolidating entries: [--                            ] 7% ETA: 00:00:02 (at 637.10) it/s)
[1A[K196 of 1666 Consolidating entries: [---                           ] 11% ETA: 00:00:02 (at 648.06) it/s)
[1A[K266 of 1666 Consolidating entries: [----                          ] 15% ETA: 00:00:02 (at 659.41) it/s)
[1A[K337 of 1666 Consolidating entries: [------                        ] 20% ETA: 00:00:01 (at 667.84) it/s)
[1A[K413 of 1666 Consolidating entries: [-------                       ] 24% ETA: 00:00:01 (at 681.61) it/s)
[1A[K492 of 1666 Consolidating entries: [--------                      ] 29% ETA: 00:00:01 (at 696.59) it/s)
[1A[K571 of 1666 Consolidating entries: [----------                    ] 34% ETA: 00:00:01 (at 707.80) it/s)
[1A[K654 of 1666 Consolidating entries: [-----------                   ] 39% ETA: 00:00:01 (at 721.04) it/s)
[1A[K743 of 1666 Consolidating entries: [-------------                 ] 44% ETA: 00:00:01 (at 737.16) it/s)
[1A[K838 of 1666 Consolidating entries: [---------------               ] 50% ETA: 00:00:01 (at 756.28) it/s)
[1A[K940 of 1666 Consolidating entries: [----------------              ] 56% ETA: 00:00:00 (at 777.55) it/s)
[1A[K1051 of 1666 Consolidating entries: [------------------            ] 63% ETA: 00:00:00 (at 802.66) it/s)
[1A[K1170 of 1666 Consolidating entries: [---------------------         ] 70% ETA: 00:00:00 (at 829.68) it/s)
[1A[K1304 of 1666 Consolidating entries: [-----------------------       ] 78% ETA: 00:00:00 (at 863.22) it/s)
[1A[K1459 of 1666 Consolidating entries: [--------------------------    ] 87% ETA: 00:00:00 (at 905.64) it/s)
[1A[K1650 of 1666 Consolidating entries: [----------------------------- ] 99% ETA: 00:00:00 (at 964.18) it/s)
[1A[K1666 of 1666 Consolidating entries: [------------------------------] 100% ETA: 00:00:00 (at 970.22) it/s)

[1A[K1 of 29 Consolidating entries: [-                             ] 3% ETA: 00:00:00 (at 35544.94) it/s)
[1A[K29 of 29 Consolidating entries: [------------------------------] 100% ETA: 00:00:00 (at 42514.79) it/s)

[1A[K1 of 29 Parsing preexisting entries: [-                             ] 3% ETA: 00:00:00 (at 9532.50) it/s)
[1A[K29 of 29 Parsing preexisting entries: [------------------------------] 100% ETA: 00:00:00 (at 3193.10) it/s)

[1A[K1 of 1657 Parsing preexisting entries: [                              ] 0% ETA: 00:00:00 (at 9341.43) it/s)
[1A[K317 of 1657 Parsing preexisting entries: [-----                         ] 19% ETA: 00:00:00 (at 3166.20) it/s)
[1A[K636 of 1657 Parsing preexisting entries: [-----------                   ] 38% ETA: 00:00:00 (at 3177.55) it/s)
[1A[K955 of 1657 Parsing preexisting entries: [-----------------             ] 57% ETA: 00:00:00 (at 3179.07) it/s)
[1A[K1278 of 1657 Parsing preexisting entries: [-----------------------       ] 77% ETA: 00:00:00 (at 3190.90) it/s)
[1A[K1591 of 1657 Parsing preexisting entries: [----------------------------  ] 96% ETA: 00:00:00 (at 3177.09) it/s)
[1A[K1657 of 1657 Parsing preexisting entries: [------------------------------] 100% ETA: 00:00:00 (at 3176.03) it/s)

[1A[K1 of 1686 Consolidating entries: [                              ] 0% ETA: 00:00:00 (at 144631.17) it/s)
[1A[K61 of 1686 Consolidating entries: [-                             ] 3% ETA: 00:00:02 (at 608.12) it/s)
[1A[K124 of 1686 Consolidating entries: [--                            ] 7% ETA: 00:00:02 (at 614.10) it/s)
[1A[K189 of 1686 Consolidating entries: [---                           ] 11% ETA: 00:00:02 (at 623.03) it/s)
[1A[K254 of 1686 Consolidating entries: [----                          ] 15% ETA: 00:00:02 (at 628.53) it/s)
[1A[K322 of 1686 Consolidating entries: [-----                         ] 19% ETA: 00:00:02 (at 637.57) it/s)
[1A[K392 of 1686 Consolidating entries: [------                        ] 23% ETA: 00:00:01 (at 647.04) it/s)
[1A[K466 of 1686 Consolidating entries: [--------                      ] 27% ETA: 00:00:01 (at 659.70) it/s)
[1A[K541 of 1686 Consolidating entries: [---------                     ] 32% ETA: 00:00:01 (at 669.97) it/s)
[1A[K610 of 1686 Consolidating entries: [----------                    ] 36% ETA: 00:00:01 (at 672.05) it/s)
[1A[K690 of 1686 Consolidating entries: [------------                  ] 40% ETA: 00:00:01 (at 684.32) it/s)
[1A[K775 of 1686 Consolidating entries: [-------------                 ] 45% ETA: 00:00:01 (at 699.14) it/s)
[1A[K864 of 1686 Consolidating entries: [---------------               ] 51% ETA: 00:00:01 (at 714.35) it/s)
[1A[K959 of 1686 Consolidating entries: [-----------------             ] 56% ETA: 00:00:00 (at 731.77) it/s)
[1A[K1063 of 1686 Consolidating entries: [------------------            ] 63% ETA: 00:00:00 (at 753.58) it/s)
[1A[K1176 of 1686 Consolidating entries: [--------------------          ] 69% ETA: 00:00:00 (at 778.19) it/s)
[1A[K1303 of 1686 Consolidating entries: [-----------------------       ] 77% ETA: 00:00:00 (at 808.66) it/s)
[1A[K1446 of 1686 Consolidating entries: [-------------------------     ] 85% ETA: 00:00:00 (at 844.77) it/s)
[1A[K1613 of 1686 Consolidating entries: [----------------------------  ] 95% ETA: 00:00:00 (at 890.21) it/s)
[1A[K1686 of 1686 Consolidating entries: [------------------------------] 100% ETA: 00:00:00 (at 912.96) it/s)

[1A[K1 of 86 Consolidating entries: [                              ] 1% ETA: 00:00:00 (at 31300.77) it/s)
[1A[K86 of 86 Consolidating entries: [------------------------------] 100% ETA: 00:00:00 (at 18147.11) it/s)

[1A[K1 of 100 Consolidating entries: [                              ] 1% ETA: 00:00:00 (at 33554.43) it/s)
[1A[K100 of 100 Consolidating entries: [------------------------------] 100% ETA: 00:00:00 (at 14573.16) it/s)

[1A[K1 of 100 Consolidating entries: [                              ] 1% ETA: 00:00:00 (at 18477.11) it/s)
[1A[K100 of 100 Consolidating entries: [------------------------------] 100% ETA: 00:00:00 (at 15250.90) it/s)

[1A[K1 of 96 Consolidating entries: [                              ] 1% ETA: 00:00:00 (at 11125.47) it/s)
[1A[K96 of 96 Consolidating entries: [------------------------------] 100% ETA: 00:00:00 (at 6286.44) it/s)

[1A[K1 of 1680 Parsing preexisting entries: [                              ] 0% ETA: 00:00:00 (at 7358.42) it/s)
[1A[K300 of 1680 Parsing preexisting entries: [-----                         ] 17% ETA: 00:00:00 (at 2990.19) it/s)
[1A[K612 of 1680 Parsing preexisting entries: [----------                    ] 36% ETA: 00:00:00 (at 3052.72) it/s)
[1A[K924 of 1680 Parsing preexisting entries: [----------------              ] 55% ETA: 00:00:00 (at 3074.61) it/s)
[1A[K1246 of 1680 Parsing preexisting entries: [----------------------        ] 74% ETA: 00:00:00 (at 3110.24) it/s)
[1A[K1564 of 1680 Parsing preexisting entries: [---------------------------   ] 93% ETA: 00:00:00 (at 3123.13) it/s)
[1A[K1680 of 1680 Parsing preexisting entries: [------------------------------] 100% ETA: 00:00:00 (at 3126.15) it/s)

[1A[K1 of 2305 Consolidating entries: [                              ] 0% ETA: 00:00:00 (at 167772.16) it/s)
[1A[K46 of 2305 Consolidating entries: [                              ] 1% ETA: 00:00:04 (at 457.78) it/s)
[1A[K94 of 2305 Consolidating entries: [-                             ] 4% ETA: 00:00:04 (at 464.08) it/s)
[1A[K140 of 2305 Consolidating entries: [-                             ] 6% ETA: 00:00:04 (at 461.91) it/s)
[1A[K190 of 2305 Consolidating entries: [--                            ] 8% ETA: 00:00:04 (at 469.43) it/s)
[1A[K240 of 2305 Consolidating entries: [---                           ] 10% ETA: 00:00:04 (at 474.80) it/s)
[1A[K292 of 2305 Consolidating entries: [---                           ] 12% ETA: 00:00:04 (at 481.67) it/s)
[1A[K343 of 2305 Consolidating entries: [----                          ] 14% ETA: 00:00:04 (at 484.92) it/s)
[1A[K398 of 2305 Consolidating entries: [-----                         ] 17% ETA: 00:00:03 (at 492.65) it/s)
[1A[K456 of 2305 Consolidating entries: [-----                         ] 19% ETA: 00:00:03 (at 501.46) it/s)
[1A[K513 of 2305 Consolidating entries: [------                        ] 22% ETA: 00:00:03 (at 507.97) it/s)
[1A[K572 of 2305 Consolidating entries: [-------                       ] 24% ETA: 00:00:03 (at 515.16) it/s)
[1A[K633 of 2305 Consolidating entries: [--------                      ] 27% ETA: 00:00:03 (at 522.80) it/s)
[1A[K696 of 2305 Consolidating entries: [---------                     ] 30% ETA: 00:00:03 (at 530.92) it/s)
[1A[K761 of 2305 Consolidating entries: [---------                     ] 33% ETA: 00:00:02 (at 539.09) it/s)
[1A[K827 of 2305 Consolidating entries: [----------                    ] 35% ETA: 00:00:02 (at 546.98) it/s)
[1A[K897 of 2305 Consolidating entries: [-----------                   ] 38% ETA: 00:00:02 (at 556.12) it/s)
[1A[K969 of 2305 Consolidating entries: [------------                  ] 42% ETA: 00:00:02 (at 565.62) it/s)
[1A[K1044 of 2305 Consolidating entries: [-------------                 ] 45% ETA: 00:00:02 (at 575.54) it/s)
[1A[K1122 of 2305 Consolidating entries: [--------------                ] 48% ETA: 00:00:02 (at 586.02) it/s)
[1A[K1204 of 2305 Consolidating entries: [---------------               ] 52% ETA: 00:00:01 (at 597.38) it/s)
[1A[K1290 of 2305 Consolidating entries: [----------------              ] 55% ETA: 00:00:01 (at 609.79) it/s)
[1A[K1382 of 2305 Consolidating entries: [-----------------             ] 59% ETA: 00:00:01 (at 623.68) it/s)
[1A[K1480 of 2305 Consolidating entries: [-------------------           ] 64% ETA: 00:00:01 (at 639.04) it/s)
[1A[K1585 of 2305 Consolidating entries: [--------------------          ] 68% ETA: 00:00:01 (at 656.03) it/s)
[1A[K1712 of 2305 Consolidating entries: [----------------------        ] 74% ETA: 00:00:00 (at 680.41) it/s)
[1A[K1854 of 2305 Consolidating entries: [------------------------      ] 80% ETA: 00:00:00 (at 708.66) it/s)
[1A[K2021 of 2305 Consolidating entries: [--------------------------    ] 87% ETA: 00:00:00 (at 743.94) it/s)
[1A[K2213 of 2305 Consolidating entries: [----------------------------  ] 96% ETA: 00:00:00 (at 785.69) it/s)
[1A[K2305 of 2305 Consolidating entries: [------------------------------] 100% ETA: 00:00:00 (at 805.52) it/s)

[1A[K1 of 2154 Parsing preexisting entries: [                              ] 0% ETA: 00:00:00 (at 6944.21) it/s)
[1A[K304 of 2154 Parsing preexisting entries: [----                          ] 14% ETA: 00:00:00 (at 3031.93) it/s)
[1A[K623 of 2154 Parsing preexisting entries: [--------                      ] 28% ETA: 00:00:00 (at 3110.41) it/s)
[1A[K936 of 2154 Parsing preexisting entries: [-------------                 ] 43% ETA: 00:00:00 (at 3116.92) it/s)
[1A[K1240 of 2154 Parsing preexisting entries: [-----------------             ] 57% ETA: 00:00:00 (at 3097.62) it/s)
[1A[K1561 of 2154 Parsing preexisting entries: [---------------------         ] 72% ETA: 00:00:00 (at 3119.15) it/s)
[1A[K1872 of 2154 Parsing preexisting entries: [--------------------------    ] 86% ETA: 00:00:00 (at 3116.08) it/s)
[1A[K2154 of 2154 Parsing preexisting entries: [------------------------------] 100% ETA: 00:00:00 (at 3107.66) it/s)
[mtg-cli] Could not find card ("Mirari's Wake": MH2 291)
[mtg-cli] Could not find card ("Gishath, Sun's Avatar": LCI 229)
[mtg-cli] Could not find card ("Savage Order (Borderless)": REX 6)

[1A[K1 of 96 Parsing preexisting entries: [                              ] 1% ETA: 00:00:00 (at 10305.41) it/s)
[1A[K96 of 96 Parsing preexisting entries: [------------------------------] 100% ETA: 00:00:00 (at 3192.01) it/s)

[1A[K1 of 102 Consolidating entries: [                              ] 0% ETA: 00:00:00 (at 262144.00) it/s)
[1A[K102 of 102 Consolidating entries: [------------------------------] 100% ETA: 00:00:00 (at 13947.73) it/s)

[1A[K1 of 102 Parsing preexisting entries: [                              ] 0% ETA: 00:00:00 (at 9177.90) it/s)
[1A[K102 of 102 Parsing preexisting entries: [------------------------------] 100% ETA: 00:00:00 (at 2859.86) it/s)

[1A[K1 of 2152 Parsing preexisting entries: [                              ] 0% ETA: 00:00:00 (at 10082.46) it/s)
[1A[K317 of 2152 Parsing preexisting entries: [----                          ] 14% ETA: 00:00:00 (at 3161.11) it/s)
[1A[K642 of 2152 Parsing preexisting entries: [--------                      ] 29% ETA: 00:00:00 (at 3201.38) it/s)
[1A[K955 of 2152 Parsing preexisting entries: [-------------                 ] 44% ETA: 00:00:00 (at 3176.92) it/s)
[1A[K1265 of 2152 Parsing preexisting entries: [-----------------             ] 58% ETA: 00:00:00 (at 3156.53) it/s)
[1A[K1594 of 2152 Parsing preexisting entries: [----------------------        ] 74% ETA: 00:00:00 (at 3182.93) it/s)
[1A[K1904 of 2152 Parsing preexisting entries: [--------------------------    ] 88% ETA: 00:00:00 (at 3168.63) it/s)
[1A[K2152 of 2152 Parsing preexisting entries: [------------------------------] 100% ETA: 00:00:00 (at 3159.53) it/s)

[1A[K1 of 2158 Consolidating entries: [                              ] 0% ETA: 00:00:00 (at 99864.38) it/s)
[1A[K49 of 2158 Consolidating entries: [                              ] 2% ETA: 00:00:04 (at 480.39) it/s)
[1A[K98 of 2158 Consolidating entries: [-                             ] 4% ETA: 00:00:04 (at 484.28) it/s)
[1A[K149 of 2158 Consolidating entries: [--                            ] 6% ETA: 00:00:04 (at 492.09) it/s)
[1A[K202 of 2158 Consolidating entries: [--                            ] 9% ETA: 00:00:03 (at 500.11) it/s)
[1A[K258 of 2158 Consolidating entries: [---                           ] 11% ETA: 00:00:03 (at 511.71) it/s)
[1A[K313 of 2158 Consolidating entries: [----                          ] 14% ETA: 00:00:03 (at 516.79) it/s)
[1A[K368 of 2158 Consolidating entries: [-----                         ] 17% ETA: 00:00:03 (at 521.35) it/s)
[1A[K421 of 2158 Consolidating entries: [-----                         ] 19% ETA: 00:00:03 (at 521.64) it/s)
[1A[K476 of 2158 Consolidating entries: [------                        ] 22% ETA: 00:00:03 (at 524.56) it/s)
[1A[K537 of 2158 Consolidating entries: [-------                       ] 24% ETA: 00:00:03 (at 532.23) it/s)
[1A[K596 of 2158 Consolidating entries: [--------                      ] 27% ETA: 00:00:02 (at 537.23) it/s)
[1A[K657 of 2158 Consolidating entries: [---------                     ] 30% ETA: 00:00:02 (at 542.53) it/s)
[1A[K719 of 2158 Consolidating entries: [---------                     ] 33% ETA: 00:00:02 (at 548.01) it/s)
[1A[K783 of 2158 Consolidating entries: [----------                    ] 36% ETA: 00:00:02 (at 554.35) it/s)
[1A[K848 of 2158 Consolidating entries: [-----------                   ] 39% ETA: 00:00:02 (at 560.58) it/s)
[1A[K917 of 2158 Consolidating entries: [------------                  ] 42% ETA: 00:00:02 (at 568.56) it/s)
[1A[K987 of 2158 Consolidating entries: [-------------                 ] 45% ETA: 00:00:02 (at 576.20) it/s)
[1A[K1059 of 2158 Consolidating entries: [--------------                ] 49% ETA: 00:00:01 (at 583.77) it/s)
[1A[K1134 of 2158 Consolidating entries: [---------------               ] 52% ETA: 00:00:01 (at 592.37) it/s)
[1A[K1212 of 2158 Consolidating entries: [----------------              ] 56% ETA: 00:00:01 (at 601.34) it/s)
[1A[K1294 of 2158 Consolidating entries: [-----------------             ] 59% ETA: 00:00:01 (at 611.34) it/s)
[1A[K1381 of 2158 Consolidating entries: [-------------------           ] 63% ETA: 00:00:01 (at 622.81) it/s)
[1A[K1474 of 2158 Consolidating entries: [--------------------          ] 68% ETA: 00:00:01 (at 635.99) it/s)
[1A[K1573 of 2158 Consolidating entries: [---------------------         ] 72% ETA: 00:00:00 (at 650.54) it/s)
[1A[K1679 of 2158 Consolidating entries: [-----------------------       ] 77% ETA: 00:00:00 (at 666.79) it/s)
[1A[K1793 of 2158 Consolidating entries: [------------------------      ] 83% ETA: 00:00:00 (at 684.77) it/s)
[1A[K1919 of 2158 Consolidating entries: [--------------------------    ] 88% ETA: 00:00:00 (at 705.75) it/s)
[1A[K2058 of 2158 Consolidating entries: [----------------------------  ] 95% ETA: 00:00:00 (at 729.99) it/s)
[1A[K2158 of 2158 Consolidating entries: [------------------------------] 100% ETA: 00:00:00 (at 747.92) it/s)

[1A[K1 of 2158 Parsing preexisting entries: [                              ] 0% ETA: 00:00:00 (at 7695.97) it/s)
[1A[K293 of 2158 Parsing preexisting entries: [----                          ] 13% ETA: 00:00:00 (at 2922.95) it/s)
[1A[K610 of 2158 Parsing preexisting entries: [--------                      ] 28% ETA: 00:00:00 (at 3045.49) it/s)
[1A[K917 of 2158 Parsing preexisting entries: [------------                  ] 42% ETA: 00:00:00 (at 3051.95) it/s)
[1A[K1219 of 2158 Parsing preexisting entries: [----------------              ] 56% ETA: 00:00:00 (at 3041.83) it/s)
[1A[K1535 of 2158 Parsing preexisting entries: [---------------------         ] 71% ETA: 00:00:00 (at 3063.96) it/s)
[1A[K1845 of 2158 Parsing preexisting entries: [-------------------------     ] 85% ETA: 00:00:00 (at 3069.22) it/s)
[1A[K2149 of 2158 Parsing preexisting entries: [----------------------------- ] 99% ETA: 00:00:00 (at 3064.61) it/s)
[1A[K2158 of 2158 Parsing preexisting entries: [------------------------------] 100% ETA: 00:00:00 (at 3063.55) it/s)
[mtg-cli] Could not find card ("Raise the Palisade": LTC 23)
[mtg-cli] Could not find card ("Shadow Rift": TMP 86)
[mtg-cli] Could not find card ("Bitterblossom": 2X2 69)
[mtg-cli] Could not find card ("Kindred Discovery": CLB 81)
[mtg-cli] Could not find card ("Rhystic Study": PCY 45)
[mtg-cli] Could not find card ("Extravagant Replication": NCC 25)

[1A[K1 of 100 Parsing preexisting entries: [                              ] 1% ETA: 00:00:00 (at 8848.74) it/s)
[1A[K100 of 100 Parsing preexisting entries: [------------------------------] 100% ETA: 00:00:00 (at 3516.91) it/s)

[1A[K1 of 109 Consolidating entries: [                              ] 0% ETA: 00:00:00 (at 199728.76) it/s)
[1A[K109 of 109 Consolidating entries: [------------------------------] 100% ETA: 00:00:00 (at 13577.42) it/s)

[1A[K1 of 109 Parsing preexisting entries: [                              ] 0% ETA: 00:00:00 (at 8405.41) it/s)
[1A[K109 of 109 Parsing preexisting entries: [------------------------------] 100% ETA: 00:00:00 (at 3156.39) it/s)

[1A[K1 of 2156 Parsing preexisting entries: [                              ] 0% ETA: 00:00:00 (at 10106.75) it/s)
[1A[K316 of 2156 Parsing preexisting entries: [----                          ] 14% ETA: 00:00:00 (at 3151.08) it/s)
[1A[K642 of 2156 Parsing preexisting entries: [--------                      ] 29% ETA: 00:00:00 (at 3203.91) it/s)
[1A[K957 of 2156 Parsing preexisting entries: [-------------                 ] 44% ETA: 00:00:00 (at 3184.46) it/s)
[1A[K1266 of 2156 Parsing preexisting entries: [-----------------             ] 58% ETA: 00:00:00 (at 3160.34) it/s)
[1A[K1591 of 2156 Parsing preexisting entries: [----------------------        ] 73% ETA: 00:00:00 (at 3176.11) it/s)
[1A[K1904 of 2156 Parsing preexisting entries: [--------------------------    ] 88% ETA: 00:00:00 (at 3168.12) it/s)
[1A[K2156 of 2156 Parsing preexisting entries: [------------------------------] 100% ETA: 00:00:00 (at 3162.82) it/s)

[1A[K1 of 2166 Consolidating entries: [                              ] 0% ETA: 00:00:00 (at 139810.13) it/s)
[1A[K49 of 2166 Consolidating entries: [                              ] 2% ETA: 00:00:04 (at 488.44) it/s)
[1A[K99 of 2166 Consolidating entries: [-                             ] 4% ETA: 00:00:04 (at 492.45) it/s)
[1A[K151 of 2166 Consolidating entries: [--                            ] 6% ETA: 00:00:04 (at 499.04) it/s)
[1A[K205 of 2166 Consolidating entries: [--                            ] 9% ETA: 00:00:03 (at 508.69) it/s)
[1A[K260 of 2166 Consolidating entries: [---                           ] 12% ETA: 00:00:03 (at 515.67) it/s)
[1A[K314 of 2166 Consolidating entries: [----                          ] 14% ETA: 00:00:03 (at 518.75) it/s)
[1A[K368 of 2166 Consolidating entries: [-----                         ] 16% ETA: 00:00:03 (at 521.48) it/s)
[1A[K421 of 2166 Consolidating entries: [-----                         ] 19% ETA: 00:00:03 (at 521.75) it/s)
[1A[K472 of 2166 Consolidating entries: [------                        ] 21% ETA: 00:00:03 (at 520.27) it/s)
[1A[K527 of 2166 Consolidating entries: [-------                       ] 24% ETA: 00:00:03 (at 522.19) it/s)
[1A[K584 of 2166 Consolidating entries: [--------                      ] 26% ETA: 00:00:03 (at 525.81) it/s)
[1A[K642 of 2166 Consolidating entries: [--------                      ] 29% ETA: 00:00:02 (at 529.59) it/s)
[1A[K700 of 2166 Consolidating entries: [---------                     ] 32% ETA: 00:00:02 (at 533.34) it/s)
[1A[K763 of 2166 Consolidating entries: [----------                    ] 35% ETA: 00:00:02 (at 540.04) it/s)
[1A[K830 of 2166 Consolidating entries: [-----------                   ] 38% ETA: 00:00:02 (at 548.43) it/s)
[1A[K899 of 2166 Consolidating entries: [------------                  ] 41% ETA: 00:00:02 (at 557.15) it/s)
[1A[K969 of 2166 Consolidating entries: [-------------                 ] 44% ETA: 00:00:02 (at 565.03) it/s)
[1A[K1040 of 2166 Consolidating entries: [--------------                ] 48% ETA: 00:00:01 (at 573.01) it/s)
[1A[K1115 of 2166 Consolidating entries: [---------------               ] 51% ETA: 00:00:01 (at 582.07) it/s)
[1A[K1192 of 2166 Consolidating entries: [----------------              ] 55% ETA: 00:00:01 (at 591.38) it/s)
[1A[K1272 of 2166 Consolidating entries: [-----------------             ] 58% ETA: 00:00:01 (at 600.87) it/s)
[1A[K1356 of 2166 Consolidating entries: [------------------            ] 62% ETA: 00:00:01 (at 611.35) it/s)
[1A[K1445 of 2166 Consolidating entries: [--------------------          ] 66% ETA: 00:00:01 (at 623.20) it/s)
[1A[K1538 of 2166 Consolidating entries: [---------------------         ] 71% ETA: 00:00:00 (at 635.85) it/s)
[1A[K1638 of 2166 Consolidating entries: [----------------------        ] 75% ETA: 00:00:00 (at 650.19) it/s)
[1A[K1743 of 2166 Consolidating entries: [------------------------      ] 80% ETA: 00:00:00 (at 665.43) it/s)
[1A[K1861 of 2166 Consolidating entries: [-------------------------     ] 85% ETA: 00:00:00 (at 684.26) it/s)
[1A[K1991 of 2166 Consolidating entries: [---------------------------   ] 91% ETA: 00:00:00 (at 706.00) it/s)
[1A[K2132 of 2166 Consolidating entries: [----------------------------- ] 98% ETA: 00:00:00 (at 729.96) it/s)
[1A[K2166 of 2166 Consolidating entries: [------------------------------] 100% ETA: 00:00:00 (at 735.71) it/s)

[1A[K1 of 2166 Parsing preexisting entries: [                              ] 0% ETA: 00:00:00 (at 6898.52) it/s)
[1A[K299 of 2166 Parsing preexisting entries: [----                          ] 13% ETA: 00:00:00 (at 2983.22) it/s)
[1A[K619 of 2166 Parsing preexisting entries: [--------                      ] 28% ETA: 00:00:00 (at 3087.59) it/s)
[1A[K932 of 2166 Parsing preexisting entries: [------------                  ] 43% ETA: 00:00:00 (at 3099.30) it/s)
[1A[K1240 of 2166 Parsing preexisting entries: [-----------------             ] 57% ETA: 00:00:00 (at 3093.45) it/s)
[1A[K1563 of 2166 Parsing preexisting entries: [---------------------         ] 72% ETA: 00:00:00 (at 3118.81) it/s)
[1A[K1876 of 2166 Parsing preexisting entries: [-------------------------     ] 86% ETA: 00:00:00 (at 3120.28) it/s)
[1A[K2166 of 2166 Parsing preexisting entries: [------------------------------] 100% ETA: 00:00:00 (at 3114.50) it/s)

[1A[K1 of 100 Parsing preexisting entries: [                              ] 1% ETA: 00:00:00 (at 11096.04) it/s)
[1A[K100 of 100 Parsing preexisting entries: [------------------------------] 100% ETA: 00:00:00 (at 3491.12) it/s)

[1A[K1 of 103 Consolidating entries: [                              ] 0% ETA: 00:00:00 (at 199728.76) it/s)
[1A[K103 of 103 Consolidating entries: [------------------------------] 100% ETA: 00:00:00 (at 14807.14) it/s)

[1A[K1 of 2163 Parsing preexisting entries: [                              ] 0% ETA: 00:00:00 (at 7145.32) it/s)
[1A[K300 of 2163 Parsing preexisting entries: [----                          ] 13% ETA: 00:00:00 (at 2996.10) it/s)
[1A[K618 of 2163 Parsing preexisting entries: [--------                      ] 28% ETA: 00:00:00 (at 3083.74) it/s)
[1A[K927 of 2163 Parsing preexisting entries: [------------                  ] 42% ETA: 00:00:00 (at 3085.19) it/s)
[1A[K1229 of 2163 Parsing preexisting entries: [-----------------             ] 56% ETA: 00:00:00 (at 3067.30) it/s)
[1A[K1551 of 2163 Parsing preexisting entries: [---------------------         ] 71% ETA: 00:00:00 (at 3096.72) it/s)
[1A[K1865 of 2163 Parsing preexisting entries: [-------------------------     ] 86% ETA: 00:00:00 (at 3103.23) it/s)
[1A[K2163 of 2163 Parsing preexisting entries: [------------------------------] 100% ETA: 00:00:00 (at 3098.38) it/s)
[mtg-cli] Could not find card ("Horned Sliver": TMP 234)
[mtg-cli] Could not find card ("Mirari's Wake": MH2 291)
[mtg-cli] Could not find card ("Leeching Sliver": M15 102)

[1A[K1 of 103 Parsing preexisting entries: [                              ] 0% ETA: 00:00:00 (at 11244.78) it/s)
[1A[K103 of 103 Parsing preexisting entries: [------------------------------] 100% ETA: 00:00:00 (at 3574.75) it/s)

[1A[K1 of 106 Consolidating entries: [                              ] 0% ETA: 00:00:00 (at 199728.76) it/s)
[1A[K106 of 106 Consolidating entries: [------------------------------] 100% ETA: 00:00:00 (at 13980.57) it/s)

[1A[K1 of 106 Parsing preexisting entries: [                              ] 0% ETA: 00:00:00 (at 10754.62) it/s)
[1A[K106 of 106 Parsing preexisting entries: [------------------------------] 100% ETA: 00:00:00 (at 3234.17) it/s)

[1A[K1 of 2163 Parsing preexisting entries: [                              ] 0% ETA: 00:00:00 (at 10407.70) it/s)
[1A[K310 of 2163 Parsing preexisting entries: [----                          ] 14% ETA: 00:00:00 (at 3093.68) it/s)
[1A[K627 of 2163 Parsing preexisting entries: [--------                      ] 28% ETA: 00:00:00 (at 3129.22) it/s)
[1A[K939 of 2163 Parsing preexisting entries: [-------------                 ] 43% ETA: 00:00:00 (at 3122.62) it/s)
[1A[K1250 of 2163 Parsing preexisting entries: [-----------------             ] 57% ETA: 00:00:00 (at 3118.90) it/s)
[1A[K1576 of 2163 Parsing preexisting entries: [---------------------         ] 72% ETA: 00:00:00 (at 3147.07) it/s)
[1A[K1889 of 2163 Parsing preexisting entries: [--------------------------    ] 87% ETA: 00:00:00 (at 3142.76) it/s)
[1A[K2163 of 2163 Parsing preexisting entries: [------------------------------] 100% ETA: 00:00:00 (at 3143.26) it/s)

[1A[K1 of 2166 Consolidating entries: [                              ] 0% ETA: 00:00:00 (at 139810.13) it/s)
[1A[K49 of 2166 Consolidating entries: [                              ] 2% ETA: 00:00:04 (at 489.17) it/s)
[1A[K99 of 2166 Consolidating entries: [-                             ] 4% ETA: 00:00:04 (at 493.92) it/s)
[1A[K151 of 2166 Consolidating entries: [--                            ] 6% ETA: 00:00:04 (at 501.48) it/s)
[1A[K202 of 2166 Consolidating entries: [--                            ] 9% ETA: 00:00:03 (at 502.32) it/s)
[1A[K256 of 2166 Consolidating entries: [---                           ] 11% ETA: 00:00:03 (at 508.84) it/s)
[1A[K310 of 2166 Consolidating entries: [----                          ] 14% ETA: 00:00:03 (at 512.56) it/s)
[1A[K365 of 2166 Consolidating entries: [-----                         ] 16% ETA: 00:00:03 (at 517.43) it/s)
[1A[K421 of 2166 Consolidating entries: [-----                         ] 19% ETA: 00:00:03 (at 522.26) it/s)
[1A[K476 of 2166 Consolidating entries: [------                        ] 21% ETA: 00:00:03 (at 524.93) it/s)
[1A[K535 of 2166 Consolidating entries: [-------                       ] 24% ETA: 00:00:03 (at 530.53) it/s)
[1A[K594 of 2166 Consolidating entries: [--------                      ] 27% ETA: 00:00:02 (at 535.69) it/s)
[1A[K655 of 2166 Consolidating entries: [---------                     ] 30% ETA: 00:00:02 (at 541.24) it/s)
[1A[K716 of 2166 Consolidating entries: [---------                     ] 33% ETA: 00:00:02 (at 546.38) it/s)
[1A[K780 of 2166 Consolidating entries: [----------                    ] 36% ETA: 00:00:02 (at 552.83) it/s)
[1A[K845 of 2166 Consolidating entries: [-----------                   ] 39% ETA: 00:00:02 (at 559.03) it/s)
[1A[K914 of 2166 Consolidating entries: [------------                  ] 42% ETA: 00:00:02 (at 566.97) it/s)
[1A[K984 of 2166 Consolidating entries: [-------------                 ] 45% ETA: 00:00:02 (at 574.66) it/s)
[1A[K1056 of 2166 Consolidating entries: [--------------                ] 48% ETA: 00:00:01 (at 582.24) it/s)
[1A[K1131 of 2166 Consolidating entries: [---------------               ] 52% ETA: 00:00:01 (at 590.75) it/s)
[1A[K1209 of 2166 Consolidating entries: [----------------              ] 55% ETA: 00:00:01 (at 599.89) it/s)
[1A[K1290 of 2166 Consolidating entries: [-----------------             ] 59% ETA: 00:00:01 (at 609.63) it/s)
[1A[K1372 of 2166 Consolidating entries: [-------------------           ] 63% ETA: 00:00:01 (at 618.88) it/s)
[1A[K1458 of 2166 Consolidating entries: [--------------------          ] 67% ETA: 00:00:01 (at 628.97) it/s)
[1A[K1547 of 2166 Consolidating entries: [---------------------         ] 71% ETA: 00:00:00 (at 639.58) it/s)
[1A[K1647 of 2166 Consolidating entries: [----------------------        ] 76% ETA: 00:00:00 (at 653.79) it/s)
[1A[K1755 of 2166 Consolidating entries: [------------------------      ] 81% ETA: 00:00:00 (at 669.94) it/s)
[1A[K1872 of 2166 Consolidating entries: [-------------------------     ] 86% ETA: 00:00:00 (at 688.30) it/s)
[1A[K2001 of 2166 Consolidating entries: [---------------------------   ] 92% ETA: 00:00:00 (at 709.58) it/s)
[1A[K2145 of 2166 Consolidating entries: [----------------------------- ] 99% ETA: 00:00:00 (at 734.45) it/s)
[1A[K2166 of 2166 Consolidating entries: [------------------------------] 100% ETA: 00:00:00 (at 738.09) it/s)

[1A[K1 of 103 Parsing preexisting entries: [                              ] 0% ETA: 00:00:00 (at 9362.28) it/s)
[1A[K103 of 103 Parsing preexisting entries: [------------------------------] 100% ETA: 00:00:00 (at 3208.34) it/s)

[1A[K1 of 2166 Parsing preexisting entries: [                              ] 0% ETA: 00:00:00 (at 9425.40) it/s)
[1A[K318 of 2166 Parsing preexisting entries: [----                          ] 14% ETA: 00:00:00 (at 3175.17) it/s)
[1A[K644 of 2166 Parsing preexisting entries: [--------                      ] 29% ETA: 00:00:00 (at 3215.12) it/s)
[1A[K961 of 2166 Parsing preexisting entries: [-------------                 ] 44% ETA: 00:00:00 (at 3199.69) it/s)
[1A[K1271 of 2166 Parsing preexisting entries: [-----------------             ] 58% ETA: 00:00:00 (at 3173.81) it/s)
[1A[K1598 of 2166 Parsing preexisting entries: [----------------------        ] 73% ETA: 00:00:00 (at 3192.94) it/s)
[1A[K1906 of 2166 Parsing preexisting entries: [--------------------------    ] 87% ETA: 00:00:00 (at 3174.03) it/s)
[1A[K2166 of 2166 Parsing preexisting entries: [------------------------------] 100% ETA: 00:00:00 (at 3164.64) it/s)

[1A[K1 of 2169 Consolidating entries: [                              ] 0% ETA: 00:00:00 (at 91180.52) it/s)
[1A[K48 of 2169 Consolidating entries: [                              ] 2% ETA: 00:00:04 (at 477.81) it/s)
[1A[K97 of 2169 Consolidating entries: [-                             ] 4% ETA: 00:00:04 (at 483.62) it/s)
[1A[K149 of 2169 Consolidating entries: [--                            ] 6% ETA: 00:00:04 (at 492.93) it/s)
[1A[K201 of 2169 Consolidating entries: [--                            ] 9% ETA: 00:00:03 (at 498.11) it/s)
[1A[K255 of 2169 Consolidating entries: [---                           ] 11% ETA: 00:00:03 (at 504.36) it/s)
[1A[K309 of 2169 Consolidating entries: [----                          ] 14% ETA: 00:00:03 (at 509.69) it/s)
[1A[K365 of 2169 Consolidating entries: [-----                         ] 16% ETA: 00:00:03 (at 516.42) it/s)
[1A[K422 of 2169 Consolidating entries: [-----                         ] 19% ETA: 00:00:03 (at 522.04) it/s)
[1A[K480 of 2169 Consolidating entries: [------                        ] 22% ETA: 00:00:03 (at 528.04) it/s)
[1A[K541 of 2169 Consolidating entries: [-------                       ] 24% ETA: 00:00:03 (at 535.61) it/s)
[1A[K602 of 2169 Consolidating entries: [--------                      ] 27% ETA: 00:00:02 (at 541.88) it/s)
[1A[K662 of 2169 Consolidating entries: [---------                     ] 30% ETA: 00:00:02 (at 546.65) it/s)
[1A[K724 of 2169 Consolidating entries: [----------                    ] 33% ETA: 00:00:02 (at 551.99) it/s)
[1A[K789 of 2169 Consolidating entries: [----------                    ] 36% ETA: 00:00:02 (at 558.66) it/s)
[1A[K855 of 2169 Consolidating entries: [-----------                   ] 39% ETA: 00:00:02 (at 564.79) it/s)
[1A[K925 of 2169 Consolidating entries: [------------                  ] 42% ETA: 00:00:02 (at 572.84) it/s)
[1A[K996 of 2169 Consolidating entries: [-------------                 ] 45% ETA: 00:00:02 (at 580.65) it/s)
[1A[K1068 of 2169 Consolidating entries: [--------------                ] 49% ETA: 00:00:01 (at 588.23) it/s)
[1A[K1144 of 2169 Consolidating entries: [---------------               ] 52% ETA: 00:00:01 (at 597.15) it/s)
[1A[K1223 of 2169 Consolidating entries: [----------------              ] 56% ETA: 00:00:01 (at 606.49) it/s)
[1A[K1307 of 2169 Consolidating entries: [------------------            ] 60% ETA: 00:00:01 (at 617.26) it/s)
[1A[K1394 of 2169 Consolidating entries: [-------------------           ] 64% ETA: 00:00:01 (at 628.56) it/s)
[1A[K1486 of 2169 Consolidating entries: [--------------------          ] 68% ETA: 00:00:01 (at 640.86) it/s)
[1A[K1583 of 2169 Consolidating entries: [---------------------         ] 72% ETA: 00:00:00 (at 654.28) it/s)
[1A[K1687 of 2169 Consolidating entries: [-----------------------       ] 77% ETA: 00:00:00 (at 669.46) it/s)
[1A[K1798 of 2169 Consolidating entries: [------------------------      ] 82% ETA: 00:00:00 (at 686.26) it/s)
[1A[K1920 of 2169 Consolidating entries: [--------------------------    ] 88% ETA: 00:00:00 (at 705.79) it/s)
[1A[K2050 of 2169 Consolidating entries: [----------------------------  ] 94% ETA: 00:00:00 (at 726.68) it/s)
[1A[K2169 of 2169 Consolidating entries: [------------------------------] 100% ETA: 00:00:00 (at 746.37) it/s)

[1A[K1 of 22 Consolidating entries: [-                             ] 4% ETA: 00:00:00 (at 29330.79) it/s)
[1A[K22 of 22 Consolidating entries: [------------------------------] 100% ETA: 00:00:00 (at 49213.16) it/s)

[1A[K1 of 22 Parsing preexisting entries: [-                             ] 4% ETA: 00:00:00 (at 7145.32) it/s)
[1A[K22 of 22 Parsing preexisting entries: [------------------------------] 100% ETA: 00:00:00 (at 1704.24) it/s)

[1A[K1 of 2169 Parsing preexisting entries: [                              ] 0% ETA: 00:00:00 (at 9258.94) it/s)
[1A[K305 of 2169 Parsing preexisting entries: [----                          ] 14% ETA: 00:00:00 (at 3042.91) it/s)
[1A[K618 of 2169 Parsing preexisting entries: [--------                      ] 28% ETA: 00:00:00 (at 3085.97) it/s)
[1A[K927 of 2169 Parsing preexisting entries: [------------                  ] 42% ETA: 00:00:00 (at 3084.83) it/s)
[1A[K1231 of 2169 Parsing preexisting entries: [-----------------             ] 56% ETA: 00:00:00 (at 3071.05) it/s)
[1A[K1552 of 2169 Parsing preexisting entries: [---------------------         ] 71% ETA: 00:00:00 (at 3097.25) it/s)
[1A[K1864 of 2169 Parsing preexisting entries: [-------------------------     ] 85% ETA: 00:00:00 (at 3100.02) it/s)
[1A[K2168 of 2169 Parsing preexisting entries: [----------------------------- ] 99% ETA: 00:00:00 (at 3090.40) it/s)
[1A[K2169 of 2169 Parsing preexisting entries: [------------------------------] 100% ETA: 00:00:00 (at 3089.95) it/s)

[1A[K1 of 2191 Consolidating entries: [                              ] 0% ETA: 00:00:00 (at 144631.17) it/s)
[1A[K50 of 2191 Consolidating entries: [                              ] 2% ETA: 00:00:04 (at 491.04) it/s)
[1A[K99 of 2191 Consolidating entries: [-                             ] 4% ETA: 00:00:04 (at 486.73) it/s)
[1A[K149 of 2191 Consolidating entries: [--                            ] 6% ETA: 00:00:04 (at 490.54) it/s)
[1A[K200 of 2191 Consolidating entries: [--                            ] 9% ETA: 00:00:04 (at 493.94) it/s)
[1A[K253 of 2191 Consolidating entries: [---                           ] 11% ETA: 00:00:03 (at 499.13) it/s)
[1A[K305 of 2191 Consolidating entries: [----                          ] 13% ETA: 00:00:03 (at 501.62) it/s)
[1A[K358 of 2191 Consolidating entries: [----                          ] 16% ETA: 00:00:03 (at 504.62) it/s)
[1A[K411 of 2191 Consolidating entries: [-----                         ] 18% ETA: 00:00:03 (at 507.36) it/s)
[1A[K465 of 2191 Consolidating entries: [------                        ] 21% ETA: 00:00:03 (at 510.37) it/s)
[1A[K522 of 2191 Consolidating entries: [-------                       ] 23% ETA: 00:00:03 (at 515.86) it/s)
[1A[K580 of 2191 Consolidating entries: [-------                       ] 26% ETA: 00:00:03 (at 521.35) it/s)
[1A[K639 of 2191 Consolidating entries: [--------                      ] 29% ETA: 00:00:02 (at 526.55) it/s)
[1A[K698 of 2191 Consolidating entries: [---------                     ] 31% ETA: 00:00:02 (at 531.04) it/s)
[1A[K759 of 2191 Consolidating entries: [----------                    ] 34% ETA: 00:00:02 (at 536.20) it/s)
[1A[K822 of 2191 Consolidating entries: [-----------                   ] 37% ETA: 00:00:02 (at 541.87) it/s)
[1A[K887 of 2191 Consolidating entries: [------------                  ] 40% ETA: 00:00:02 (at 548.19) it/s)
[1A[K955 of 2191 Consolidating entries: [-------------                 ] 43% ETA: 00:00:02 (at 555.36) it/s)
[1A[K1023 of 2191 Consolidating entries: [--------------                ] 46% ETA: 00:00:02 (at 562.20) it/s)
[1A[K1094 of 2191 Consolidating entries: [--------------                ] 49% ETA: 00:00:01 (at 569.65) it/s)
[1A[K1168 of 2191 Consolidating entries: [---------------               ] 53% ETA: 00:00:01 (at 577.96) it/s)
[1A[K1244 of 2191 Consolidating entries: [-----------------             ] 56% ETA: 00:00:01 (at 586.28) it/s)
[1A[K1324 of 2191 Consolidating entries: [------------------            ] 60% ETA: 00:00:01 (at 595.64) it/s)
[1A[K1407 of 2191 Consolidating entries: [-------------------           ] 64% ETA: 00:00:01 (at 605.53) it/s)
[1A[K1494 of 2191 Consolidating entries: [--------------------          ] 68% ETA: 00:00:01 (at 616.20) it/s)
[1A[K1584 of 2191 Consolidating entries: [---------------------         ] 72% ETA: 00:00:00 (at 627.35) it/s)
[1A[K1685 of 2191 Consolidating entries: [-----------------------       ] 76% ETA: 00:00:00 (at 641.83) it/s)
[1A[K1787 of 2191 Consolidating entries: [------------------------      ] 81% ETA: 00:00:00 (at 655.55) it/s)
[1A[K1896 of 2191 Consolidating entries: [-------------------------     ] 86% ETA: 00:00:00 (at 670.77) it/s)
[1A[K2016 of 2191 Consolidating entries: [---------------------------   ] 92% ETA: 00:00:00 (at 688.74) it/s)
[1A[K2155 of 2191 Consolidating entries: [----------------------------- ] 98% ETA: 00:00:00 (at 711.83) it/s)
[1A[K2191 of 2191 Consolidating entries: [------------------------------] 100% ETA: 00:00:00 (at 717.84) it/s)

[1A[K1 of 2191 Parsing preexisting entries: [                              ] 0% ETA: 00:00:00 (at 7002.17) it/s)
[1A[K303 of 2191 Parsing preexisting entries: [----                          ] 13% ETA: 00:00:00 (at 3021.90) it/s)
[1A[K612 of 2191 Parsing preexisting entries: [--------                      ] 27% ETA: 00:00:00 (at 3055.72) it/s)
[1A[K918 of 2191 Parsing preexisting entries: [------------                  ] 41% ETA: 00:00:00 (at 3054.55) it/s)
[1A[K1227 of 2191 Parsing preexisting entries: [----------------              ] 56% ETA: 00:00:00 (at 3061.81) it/s)
[1A[K1547 of 2191 Parsing preexisting entries: [---------------------         ] 70% ETA: 00:00:00 (at 3088.57) it/s)
[1A[K1863 of 2191 Parsing preexisting entries: [-------------------------     ] 85% ETA: 00:00:00 (at 3098.94) it/s)
[1A[K2171 of 2191 Parsing preexisting entries: [----------------------------- ] 99% ETA: 00:00:00 (at 3096.22) it/s)
[1A[K2191 of 2191 Parsing preexisting entries: [------------------------------] 100% ETA: 00:00:00 (at 3096.20) it/s)
[mtg-cli] Could not find card ("Gaseous Form": TMP 65)
[mtg-cli] Could not find card ("Smokestack": USG 309)
[mtg-cli] Could not find card ("Public Enemy": SNC 55)
[mtg-cli] Could not find card ("Drain Power": 4ED 67)
[mtg-cli] Could not find card ("Remove Soul": LEG 72)
[mtg-cli] Could not find card ("Millstone": BRR 32)
[mtg-cli] Could not find card ("Sleep with the Fishes": SNC 61)
[mtg-cli] Could not find card ("Flash Counter": LEG 56)
[mtg-cli] Could not find card ("Render Silent": DGM 96)
[mtg-cli] Could not find card ("Spellbook": M10 220)
[mtg-cli] Could not find card ("Sinister Sabotage": GRN 54)
[mtg-cli] Could not find card ("Counterspell": 4ED 65)
[mtg-cli] Could not find card ("Defense Grid": BRR 13)
[mtg-cli] Could not find card ("Winter Orb": 5ED 408)
[mtg-cli] Could not find card ("Umbilicus (Retro Frame)": DMR 390)
[mtg-cli] Could not find card ("Soothsaying": MMQ 104)
[mtg-cli] Could not find card ("Counterbalance": CSP 31)
[mtg-cli] Could not find card ("Regal Bunnicorn": WOE 25)
[mtg-cli] Could not find card ("Arena of the Ancients": CHR 91)
[mtg-cli] Could not find card ("Control Magic": 3ED 52)
[mtg-cli] Could not find card ("Arcane Laboratory": 7ED 60)
[mtg-cli] Could not find card ("Rule of Law": M20 35)
[mtg-cli] Could not find card ("Stasis": 3ED 83)
[mtg-cli] Could not find card ("Irrigated Farmland": CMM 1005)
[mtg-cli] Could not find card ("Zhalfirin Void": DOM 249)
[mtg-cli] Could not find card ("Prairie Stream": CMM 1020)
[mtg-cli] Could not find card ("Mystic Gate": CMM 1013)
[mtg-cli] Could not find card ("Azorius Guildgate": MM3 230)
[mtg-cli] Could not find card ("Skybridge Towers (Showcase)": SNC 354)
[mtg-cli] Could not find card ("The Millennium Calendar": PRE 257s)
[mtg-cli] Could not find card ("Seachrome Coast (Borderless)": ONE 374)
[mtg-cli] Could not find card ("Blast Zone": BRO 258)
[mtg-cli] Could not find card ("Tocasia's Dig Site": BRO 266)
[mtg-cli] Could not find card ("Silundi Vision": ZNR 80)
[mtg-cli] Could not find card ("Lullmage's Domination": ZNR 66)
[mtg-cli] Could not find card ("Peregrine Drake": DMR 65)
[mtg-cli] Could not find card ("Island": BBD 251)
[mtg-cli] Could not find card ("Plains": BBD 250)

[1A[K1 of 81 Consolidating entries: [                              ] 1% ETA: 00:00:00 (at 99864.38) it/s)
[1A[K81 of 81 Consolidating entries: [------------------------------] 100% ETA: 00:00:00 (at 20019.95) it/s)

[1A[K1 of 2156 Parsing preexisting entries: [                              ] 0% ETA: 00:00:00 (at 7810.62) it/s)
[1A[K304 of 2156 Parsing preexisting entries: [----                          ] 14% ETA: 00:00:00 (at 3028.63) it/s)
[1A[K613 of 2156 Parsing preexisting entries: [--------                      ] 28% ETA: 00:00:00 (at 3056.37) it/s)
[1A[K919 of 2156 Parsing preexisting entries: [------------                  ] 42% ETA: 00:00:00 (at 3056.68) it/s)
[1A[K1224 of 2156 Parsing preexisting entries: [-----------------             ] 56% ETA: 00:00:00 (at 3053.21) it/s)
[1A[K1520 of 2156 Parsing preexisting entries: [---------------------         ] 70% ETA: 00:00:00 (at 3032.85) it/s)
[1A[K1825 of 2156 Parsing preexisting entries: [-------------------------     ] 84% ETA: 00:00:00 (at 3034.87) it/s)
[1A[K2130 of 2156 Parsing preexisting entries: [----------------------------- ] 98% ETA: 00:00:00 (at 3036.25) it/s)
[1A[K2156 of 2156 Parsing preexisting entries: [------------------------------] 100% ETA: 00:00:00 (at 3035.36) it/s)
[mtg-cli] Could not find card ("Swords to Plowshares (Retro Frame)": DMR 275)
[mtg-cli] Could not find card ("Demonic Tutor": 3ED 105)
[mtg-cli] Could not find card ("Hidden Courtyard": LCI 274)
[mtg-cli] Could not find card ("Petrify": LCI 30)
[mtg-cli] Could not find card ("Amalia Benavides Aguirre (Showcase)": LCI 299)
[mtg-cli] Could not find card ("Polluted Bonds": WOT 34)
[mtg-cli] Could not find card ("Gerrard's Verdict": DMR 190)
[mtg-cli] Could not find card ("Repair and Recharge": BRO 24)
[mtg-cli] Could not find card ("Kayla's Command (Extended Art)": BRO 302)
[mtg-cli] Could not find card ("Exsanguinate": SOM 61)
[mtg-cli] Could not find card ("Vampiric Tutor": DMR 108)
[mtg-cli] Could not find card ("Pristine Talisman": BRR 43)
[mtg-cli] Could not find card ("Swamp": BBD 252)
[mtg-cli] Could not find card ("Plains": BBD 250)
[mtg-cli] Could not find card ("Well of Lost Dreams": BRR 62)

[1A[K1 of 73 Consolidating entries: [                              ] 1% ETA: 00:00:00 (at 72315.58) it/s)
[1A[K73 of 73 Consolidating entries: [------------------------------] 100% ETA: 00:00:00 (at 22035.56) it/s)

[1A[K1 of 2109 Parsing preexisting entries: [                              ] 0% ETA: 00:00:00 (at 6853.43) it/s)
[1A[K307 of 2109 Parsing preexisting entries: [----                          ] 14% ETA: 00:00:00 (at 3061.24) it/s)
[1A[K615 of 2109 Parsing preexisting entries: [--------                      ] 29% ETA: 00:00:00 (at 3064.76) it/s)
[1A[K919 of 2109 Parsing preexisting entries: [-------------                 ] 43% ETA: 00:00:00 (at 3055.61) it/s)
[1A[K1217 of 2109 Parsing preexisting entries: [-----------------             ] 57% ETA: 00:00:00 (at 3034.30) it/s)
[1A[K1532 of 2109 Parsing preexisting entries: [---------------------         ] 72% ETA: 00:00:00 (at 3056.46) it/s)
[1A[K1836 of 2109 Parsing preexisting entries: [--------------------------    ] 87% ETA: 00:00:00 (at 3052.34) it/s)
[1A[K2109 of 2109 Parsing preexisting entries: [------------------------------] 100% ETA: 00:00:00 (at 3045.80) it/s)

[1A[K1 of 2734 Consolidating entries: [                              ] 0% ETA: 00:00:00 (at 89240.51) it/s)
[1A[K39 of 2734 Consolidating entries: [                              ] 1% ETA: 00:00:07 (at 382.17) it/s)
[1A[K78 of 2734 Consolidating entries: [                              ] 2% ETA: 00:00:06 (at 385.58) it/s)
[1A[K120 of 2734 Consolidating entries: [-                             ] 4% ETA: 00:00:06 (at 395.84) it/s)
[1A[K165 of 2734 Consolidating entries: [-                             ] 6% ETA: 00:00:06 (at 408.55) it/s)
[1A[K209 of 2734 Consolidating entries: [--                            ] 7% ETA: 00:00:06 (at 413.91) it/s)
[1A[K256 of 2734 Consolidating entries: [--                            ] 9% ETA: 00:00:05 (at 422.19) it/s)
[1A[K302 of 2734 Consolidating entries: [---                           ] 11% ETA: 00:00:05 (at 426.67) it/s)
[1A[K349 of 2734 Consolidating entries: [---                           ] 12% ETA: 00:00:05 (at 430.90) it/s)
[1A[K396 of 2734 Consolidating entries: [----                          ] 14% ETA: 00:00:05 (at 434.80) it/s)
[1A[K444 of 2734 Consolidating entries: [----                          ] 16% ETA: 00:00:05 (at 438.84) it/s)
[1A[K493 of 2734 Consolidating entries: [-----                         ] 18% ETA: 00:00:05 (at 442.74) it/s)
[1A[K545 of 2734 Consolidating entries: [-----                         ] 19% ETA: 00:00:04 (at 449.08) it/s)
[1A[K597 of 2734 Consolidating entries: [------                        ] 21% ETA: 00:00:04 (at 453.77) it/s)
[1A[K650 of 2734 Consolidating entries: [-------                       ] 23% ETA: 00:00:04 (at 458.78) it/s)
[1A[K703 of 2734 Consolidating entries: [-------                       ] 25% ETA: 00:00:04 (at 463.14) it/s)
[1A[K758 of 2734 Consolidating entries: [--------                      ] 27% ETA: 00:00:04 (at 468.49) it/s)
[1A[K813 of 2734 Consolidating entries: [--------                      ] 29% ETA: 00:00:04 (at 473.14) it/s)
[1A[K865 of 2734 Consolidating entries: [---------                     ] 31% ETA: 00:00:03 (at 475.44) it/s)
[1A[K922 of 2734 Consolidating entries: [----------                    ] 33% ETA: 00:00:03 (at 480.17) it/s)
[1A[K979 of 2734 Consolidating entries: [----------                    ] 35% ETA: 00:00:03 (at 484.20) it/s)
[1A[K1037 of 2734 Consolidating entries: [-----------                   ] 37% ETA: 00:00:03 (at 488.70) it/s)
[1A[K1099 of 2734 Consolidating entries: [------------                  ] 40% ETA: 00:00:03 (at 494.36) it/s)
[1A[K1163 of 2734 Consolidating entries: [------------                  ] 42% ETA: 00:00:03 (at 500.44) it/s)
[1A[K1232 of 2734 Consolidating entries: [-------------                 ] 45% ETA: 00:00:02 (at 508.01) it/s)
[1A[K1304 of 2734 Consolidating entries: [--------------                ] 47% ETA: 00:00:02 (at 516.35) it/s)
[1A[K1378 of 2734 Consolidating entries: [---------------               ] 50% ETA: 00:00:02 (at 524.61) it/s)
[1A[K1460 of 2734 Consolidating entries: [----------------              ] 53% ETA: 00:00:02 (at 535.24) it/s)
[1A[K1545 of 2734 Consolidating entries: [----------------              ] 56% ETA: 00:00:02 (at 546.32) it/s)
[1A[K1641 of 2734 Consolidating entries: [------------------            ] 60% ETA: 00:00:01 (at 560.26) it/s)
[1A[K1740 of 2734 Consolidating entries: [-------------------           ] 63% ETA: 00:00:01 (at 574.35) it/s)
[1A[K1853 of 2734 Consolidating entries: [--------------------          ] 67% ETA: 00:00:01 (at 592.04) it/s)
[1A[K1980 of 2734 Consolidating entries: [---------------------         ] 72% ETA: 00:00:01 (at 613.00) it/s)
[1A[K2317 of 2734 Consolidating entries: [-------------------------     ] 84% ETA: 00:00:00 (at 695.60) it/s)
[1A[K2734 of 2734 Consolidating entries: [------------------------------] 100% ETA: 00:00:00 (at 817.63) it/s)

[1A[K1 of 2136 Parsing preexisting entries: [                              ] 0% ETA: 00:00:00 (at 8065.96) it/s)
[1A[K304 of 2136 Parsing preexisting entries: [----                          ] 14% ETA: 00:00:00 (at 3028.67) it/s)
[1A[K623 of 2136 Parsing preexisting entries: [--------                      ] 29% ETA: 00:00:00 (at 3105.72) it/s)
[1A[K937 of 2136 Parsing preexisting entries: [-------------                 ] 43% ETA: 00:00:00 (at 3115.91) it/s)
[1A[K1242 of 2136 Parsing preexisting entries: [-----------------             ] 58% ETA: 00:00:00 (at 3098.87) it/s)
[1A[K1559 of 2136 Parsing preexisting entries: [---------------------         ] 72% ETA: 00:00:00 (at 3111.42) it/s)
[1A[K1868 of 2136 Parsing preexisting entries: [--------------------------    ] 87% ETA: 00:00:00 (at 3106.91) it/s)
[1A[K2136 of 2136 Parsing preexisting entries: [------------------------------] 100% ETA: 00:00:00 (at 3091.71) it/s)
[mtg-cli] Could not find card ("Contamination": USG 123)
[mtg-cli] Could not find card ("Urborg Uprising": EMA 111)
[mtg-cli] Could not find card ("Black Sun's Twilight (Extended Art)": ONE 383)
[mtg-cli] Could not find card ("Phyrexian Atlas": ONE 237)
[mtg-cli] Could not find card ("Demonic Tutor": CMM 150)
[mtg-cli] Could not find card ("Deep-Cavern Bat": LCI 102)
[mtg-cli] Could not find card ("Swamp": BBD 252)

[1A[K1 of 72 Consolidating entries: [                              ] 1% ETA: 00:00:00 (at 62601.55) it/s)
[1A[K72 of 72 Consolidating entries: [------------------------------] 100% ETA: 00:00:00 (at 21422.28) it/s)
